{
  "0 debug pnpm:scope": {
    "selected": 1
  },
  "1 info pnpm": {
    "err": {
      "name": "Error",
      "message": "not found: lock",
      "code": "ENOENT",
      "stack": "Error: not found: lock\n    at getNotFoundError (/usr/local/nvm/versions/node/v12.14.1/lib/node_modules/pnpm/dist/pnpm.cjs:41595:51)\n    at Function.whichSync [as sync] (/usr/local/nvm/versions/node/v12.14.1/lib/node_modules/pnpm/dist/pnpm.cjs:41672:13)\n    at getCommandAbsolutePathSync (/usr/local/nvm/versions/node/v12.14.1/lib/node_modules/pnpm/dist/pnpm.cjs:43237:44)\n    at default_1 (/usr/local/nvm/versions/node/v12.14.1/lib/node_modules/pnpm/dist/pnpm.cjs:43246:32)\n    at /usr/local/nvm/versions/node/v12.14.1/lib/node_modules/pnpm/dist/pnpm.cjs:178115:39"
    }
  },
  "2 error pnpm": {
    "code": "ERR_PNPM_RECURSIVE_EXEC_FIRST_FAIL",
    "prefix": "/home/andrejus_kostarevas/workspace/serverless-storage-demo",
    "err": {
      "name": "pnpm",
      "message": "not found: lock",
      "code": "ERR_PNPM_RECURSIVE_EXEC_FIRST_FAIL",
      "stack": "Error: not found: lock\n    at getNotFoundError (/usr/local/nvm/versions/node/v12.14.1/lib/node_modules/pnpm/dist/pnpm.cjs:41595:51)\n    at Function.whichSync [as sync] (/usr/local/nvm/versions/node/v12.14.1/lib/node_modules/pnpm/dist/pnpm.cjs:41672:13)\n    at getCommandAbsolutePathSync (/usr/local/nvm/versions/node/v12.14.1/lib/node_modules/pnpm/dist/pnpm.cjs:43237:44)\n    at default_1 (/usr/local/nvm/versions/node/v12.14.1/lib/node_modules/pnpm/dist/pnpm.cjs:43246:32)\n    at /usr/local/nvm/versions/node/v12.14.1/lib/node_modules/pnpm/dist/pnpm.cjs:178115:39"
    }
  }
}