{
  "0 debug pnpm:scope": {
    "selected": 1,
    "workspacePrefix": "/home/andrejus_kostarevas/workspace/serverless-storage-demo"
  },
  "1 error pnpm": {
    "code": "ELIFECYCLE",
    "errno": "ENOENT",
    "syscall": "spawn",
    "file": "sh",
    "pkgid": "ingest@1.0.0",
    "stage": "test",
    "script": "NODE_ENV=test mocha \"src/**/*.test.js\" --recursive",
    "pkgname": "ingest",
    "err": {
      "name": "pnpm",
      "message": "ingest@1.0.0 test: `NODE_ENV=test mocha \"src/**/*.test.js\" --recursive`\nspawn ENOENT",
      "code": "ELIFECYCLE",
      "stack": "pnpm: ingest@1.0.0 test: `NODE_ENV=test mocha \"src/**/*.test.js\" --recursive`\nspawn ENOENT\n    at ChildProcess.<anonymous> (/usr/local/nvm/versions/node/v12.14.1/lib/node_modules/pnpm/dist/pnpm.cjs:92290:22)\n    at ChildProcess.emit (events.js:400:28)\n    at maybeClose (internal/child_process.js:1058:16)\n    at Process.ChildProcess._handle.onexit (internal/child_process.js:293:5)"
    }
  },
  "2 warn pnpm:global": " Local package.json exists, but node_modules missing, did you mean to install?"
}